<?xml version="1.0" encoding="UTF-8"?>
<!-- Generated by org.testng.reporters.JUnitXMLReporter -->
<testsuite ignored="0" hostname="LAPTOP-NLSDEBD6" failures="0" tests="3" name="Command line test" time="4.021" errors="0" timestamp="2025-09-13T17:39:03 IST">
  <testcase classname="com.api.test.ForgetPasswordTest" name="forgotpassword" time="3.489"/>
  <testcase classname="com.api.test.UserAccountCreationTest" name="createuseraccount" time="0.185"/>
  <testcase classname="com.api.test.UserLoginTest" name="loginTest" time="0.284"/>
</testsuite> <!-- Command line test -->
