<?xml version="1.0" encoding="UTF-8"?>
<testsuite xmlns:xsi="http://www.w3.org/2001/XMLSchema-instance" xsi:noNamespaceSchemaLocation="https://maven.apache.org/surefire/maven-surefire-plugin/xsd/surefire-test-report-3.0.xsd" version="3.0" name="TestSuite" time="7.475" tests="3" errors="0" skipped="0" failures="0">
  <properties>
[...]
</properties>
  <testcase name="forgotpassword" classname="com.api.test.ForgetPasswordTest" time="6.4">
    <system-out><![CDATA[{
    "message": "If your email exists in our system, you will receive reset instructions."
}
]]></system-out>
    <system-err><![CDATA[SLF4J(W): No SLF4J providers were found.
SLF4J(W): Defaulting to no-operation (NOP) logger implementation
SLF4J(W): See https://www.slf4j.org/codes.html#noProviders for further details.
]]></system-err>
  </testcase>
  <testcase name="createuseraccount" classname="com.api.test.UserAccountCreationTest" time="0.152">
    <system-out><![CDATA[{
    "timestamp": "2025-09-13 13:48:23",
    "status": 500,
    "error": "System Error",
    "message": "An unexpected error occurred",
    "path": "uri=/api/auth/signup",
    "solution": "Please try again later or contact support",
    "errorCode": "SYS_001"
}
]]></system-out>
  </testcase>
  <testcase name="loginTest" classname="com.api.test.UserLoginTest" time="0.278">
    <system-out><![CDATA[{
    "token": "eyJhbGciOiJIUzI1NiJ9.eyJzdWIiOiJkaGVlcmFqMTIzNCIsImlhdCI6MTc1Nzc3MTMwMywiZXhwIjoxNzU3Nzc0OTAzfQ.eWLqyq2VXTPTw08C2j3-CBDPxm4ox5e-RoOC-uZzEvA",
    "type": "Bearer",
    "id": 2648,
    "username": "dheeraj1234",
    "email": "dheerajofficial27@gmail.com",
    "roles": [
        "ROLE_USER"
    ]
}
eyJhbGciOiJIUzI1NiJ9.eyJzdWIiOiJkaGVlcmFqMTIzNCIsImlhdCI6MTc1Nzc3MTMwMywiZXhwIjoxNzU3Nzc0OTAzfQ.eWLqyq2VXTPTw08C2j3-CBDPxm4ox5e-RoOC-uZzEvA
]]></system-out>
  </testcase>
</testsuite>