<?xml version="1.0" encoding="UTF-8"?>
<testng-results ignored="0" total="1" passed="1" failed="0" skipped="0">
  <reporter-output>
  </reporter-output>
  <suite started-at="2025-09-13T20:34:06 IST" name="Surefire suite" finished-at="2025-09-13T20:34:08 IST" duration-ms="2593">
    <groups>
    </groups>
    <test started-at="2025-09-13T20:34:06 IST" name="Surefire test" finished-at="2025-09-13T20:34:08 IST" duration-ms="2593">
      <class name="com.api.test.GetProfileRequestTest">
        <test-method signature="getProfileTest()[pri:0, instance:com.api.test.GetProfileRequestTest@40cb8df7]" started-at="2025-09-13T20:34:06 IST" name="getProfileTest" description="Verify get profile details.." finished-at="2025-09-13T20:34:08 IST" duration-ms="2532" status="PASS">
          <reporter-output>
          </reporter-output>
        </test-method> <!-- getProfileTest -->
      </class> <!-- com.api.test.GetProfileRequestTest -->
    </test> <!-- Surefire test -->
  </suite> <!-- Surefire suite -->
</testng-results>
